0 info it worked if it ends with ok
1 verbose cli [ '/opt/node/bin/node', '/opt/node/bin/npm', 'run', 'start' ]
2 info using npm@2.11.3
3 info using node@v0.12.7
4 verbose run-script [ 'prestart', 'start', 'poststart' ]
5 info prestart js-en-el-escritorio@1.0.0
6 info start js-en-el-escritorio@1.0.0
7 verbose unsafe-perm in lifecycle true
8 info js-en-el-escritorio@1.0.0 Failed to exec start script
9 verbose stack Error: js-en-el-escritorio@1.0.0 start: `grunt --base ./slides --gruntfile ./slides/Gruntfile.js serve`
9 verbose stack Exit status 3
9 verbose stack     at EventEmitter.<anonymous> (/opt/node/lib/node_modules/npm/lib/utils/lifecycle.js:213:16)
9 verbose stack     at EventEmitter.emit (events.js:110:17)
9 verbose stack     at ChildProcess.<anonymous> (/opt/node/lib/node_modules/npm/lib/utils/spawn.js:24:14)
9 verbose stack     at ChildProcess.emit (events.js:110:17)
9 verbose stack     at maybeClose (child_process.js:1015:16)
9 verbose stack     at Process.ChildProcess._handle.onexit (child_process.js:1087:5)
10 verbose pkgid js-en-el-escritorio@1.0.0
11 verbose cwd /home/daniel/js/desktop/js-en-el-escritorio
12 error Linux 3.13.0-37-generic
13 error argv "/opt/node/bin/node" "/opt/node/bin/npm" "run" "start"
14 error node v0.12.7
15 error npm  v2.11.3
16 error code ELIFECYCLE
17 error js-en-el-escritorio@1.0.0 start: `grunt --base ./slides --gruntfile ./slides/Gruntfile.js serve`
17 error Exit status 3
18 error Failed at the js-en-el-escritorio@1.0.0 start script 'grunt --base ./slides --gruntfile ./slides/Gruntfile.js serve'.
18 error This is most likely a problem with the js-en-el-escritorio package,
18 error not with npm itself.
18 error Tell the author that this fails on your system:
18 error     grunt --base ./slides --gruntfile ./slides/Gruntfile.js serve
18 error You can get their info via:
18 error     npm owner ls js-en-el-escritorio
18 error There is likely additional logging output above.
19 verbose exit [ 1, true ]
